{
  "RSpec": {
    "coverage": {
      "/Users/lizziehard/challenges/week_2/oystercard_challenge/spec/oystercard_spec.rb": [
        1,
        null,
        1,
        12,
        null,
        1,
        1,
        null,
        null,
        1,
        1,
        null,
        null,
        1,
        1,
        1,
        null,
        null,
        1,
        2,
        null,
        null,
        1,
        2,
        null,
        null,
        1,
        1,
        1,
        null,
        null,
        1,
        1,
        1,
        1,
        null,
        null,
        1,
        1,
        1,
        2,
        null,
        null,
        1,
        1,
        4,
        null,
        null,
        1,
        1,
        null,
        null,
        1,
        2,
        null,
        null,
        null
      ],
      "/Users/lizziehard/challenges/week_2/oystercard_challenge/lib/oystercard.rb": [
        1,
        null,
        1,
        1,
        1,
        1,
        null,
        1,
        11,
        11,
        11,
        11,
        null,
        null,
        1,
        7,
        6,
        null,
        null,
        1,
        5,
        4,
        3,
        3,
        null,
        null,
        1,
        2,
        2,
        2,
        null,
        null,
        1,
        6,
        null,
        null,
        1,
        7,
        null,
        null,
        1,
        2,
        null,
        null,
        1,
        null,
        null
      ]
    },
    "timestamp": 1502206236
  }
}
